<?xml version="1.0" encoding="utf-8"?>
<coverage line-rate="0.077" branch-rate="0.062" version="1.9" timestamp="1591650972" lines-covered="203" lines-valid="5422" branches-covered="36" branches-valid="36">
  <sources>
    <source>/build/</source>
  </sources>
  <packages>
    <package name="VSS.Interfaces.netcore" line-rate="0" branch-rate="0" complexity="0">
      <classes>
        <class name="VSS.VisionLink.Interfaces.Events.Preference.CreatePreferenceKeyEvent" filename="Common/VSS.VisionLink.Interfaces/src/Events.Preference/CreatePreferenceKeyEvent.cs" line-rate="0" branch-rate="0" complexity="0">
          <methods>
            <method name="get_PreferenceKeyName" signature="()" line-rate="0" branch-rate="0">
              <lines>
                <line number="8" hits="0" branch="False" />
              </lines>
            </method>
            <method name="get_PreferenceKeyUID" signature="()" line-rate="0" branch-rate="0">
              <lines>
                <line number="9" hits="0" branch="False" />
              </lines>
            </method>
            <method name="get_ActionUTC" signature="()" line-rate="0" branch-rate="0">
              <lines>
                <line number="10" hits="0" branch="False" />
              </lines>
            </method>
          </methods>
          <lines>
            <line number="8" hits="0" branch="False" />
            <line number="9" hits="0" branch="False" />
            <line number="10" hits="0" branch="False" />
          </lines>
        </class>
        <class name="VSS.VisionLink.Interfaces.Events.Preference.CreateUserPreferenceEvent" filename="Common/VSS.VisionLink.Interfaces/src/Events.Preference/CreateUserPreferenceEvent.cs" line-rate="0" branch-rate="0" complexity="0">
          <methods>
            <method name="get_UserUID" signature="()" line-rate="0" branch-rate="0">
              <lines>
                <line number="11" hits="0" branch="False" />
              </lines>
            </method>
            <method name="get_PreferenceKeyUID" signature="()" line-rate="0" branch-rate="0">
              <lines>
                <line number="13" hits="0" branch="False" />
              </lines>
            </method>
            <method name="get_PreferenceKeyName" signature="()" line-rate="0" branch-rate="0">
              <lines>
                <line number="15" hits="0" branch="False" />
              </lines>
            </method>
            <method name="get_PreferenceJson" signature="()" line-rate="0" branch-rate="0">
              <lines>
                <line number="17" hits="0" branch="False" />
              </lines>
            </method>
            <method name="get_SchemaVersion" signature="()" line-rate="0" branch-rate="0">
              <lines>
                <line number="19" hits="0" branch="False" />
              </lines>
            </method>
            <method name="get_ActionUTC" signature="()" line-rate="0" branch-rate="0">
              <lines>
                <line number="21" hits="0" branch="False" />
              </lines>
            </method>
          </methods>
          <lines>
            <line number="11" hits="0" branch="False" />
            <line number="13" hits="0" branch="False" />
            <line number="15" hits="0" branch="False" />
            <line number="17" hits="0" branch="False" />
            <line number="19" hits="0" branch="False" />
            <line number="21" hits="0" branch="False" />
          </lines>
        </class>
        <class name="VSS.VisionLink.Interfaces.Events.Preference.DeletePreferenceKeyEvent" filename="Common/VSS.VisionLink.Interfaces/src/Events.Preference/DeletePreferenceKeyEvent.cs" line-rate="0" branch-rate="0" complexity="0">
          <methods>
            <method name="get_PreferenceKeyUID" signature="()" line-rate="0" branch-rate="0">
              <lines>
                <line number="8" hits="0" branch="False" />
              </lines>
            </method>
            <method name="get_ActionUTC" signature="()" line-rate="0" branch-rate="0">
              <lines>
                <line number="9" hits="0" branch="False" />
              </lines>
            </method>
          </methods>
          <lines>
            <line number="8" hits="0" branch="False" />
            <line number="9" hits="0" branch="False" />
          </lines>
        </class>
        <class name="VSS.VisionLink.Interfaces.Events.Preference.DeleteUserPreferenceEvent" filename="Common/VSS.VisionLink.Interfaces/src/Events.Preference/DeleteUserPreferenceEvent.cs" line-rate="0" branch-rate="0" complexity="0">
          <methods>
            <method name="get_UserUID" signature="()" line-rate="0" branch-rate="0">
              <lines>
                <line number="8" hits="0" branch="False" />
              </lines>
            </method>
            <method name="get_PreferenceKeyUID" signature="()" line-rate="0" branch-rate="0">
              <lines>
                <line number="10" hits="0" branch="False" />
              </lines>
            </method>
            <method name="get_PreferenceKeyName" signature="()" line-rate="0" branch-rate="0">
              <lines>
                <line number="12" hits="0" branch="False" />
              </lines>
            </method>
            <method name="get_ActionUTC" signature="()" line-rate="0" branch-rate="0">
              <lines>
                <line number="14" hits="0" branch="False" />
              </lines>
            </method>
          </methods>
          <lines>
            <line number="8" hits="0" branch="False" />
            <line number="10" hits="0" branch="False" />
            <line number="12" hits="0" branch="False" />
            <line number="14" hits="0" branch="False" />
          </lines>
        </class>
        <class name="VSS.VisionLink.Interfaces.Events.Preference.UpdatePreferenceKeyEvent" filename="Common/VSS.VisionLink.Interfaces/src/Events.Preference/UpdatePreferenceKeyEvent.cs" line-rate="0" branch-rate="0" complexity="0">
          <methods>
            <method name="get_PreferenceKeyUID" signature="()" line-rate="0" branch-rate="0">
              <lines>
                <line number="8" hits="0" branch="False" />
              </lines>
            </method>
            <method name="get_PreferenceKeyName" signature="()" line-rate="0" branch-rate="0">
              <lines>
                <line number="9" hits="0" branch="False" />
              </lines>
            </method>
            <method name="get_ActionUTC" signature="()" line-rate="0" branch-rate="0">
              <lines>
                <line number="10" hits="0" branch="False" />
              </lines>
            </method>
          </methods>
          <lines>
            <line number="8" hits="0" branch="False" />
            <line number="9" hits="0" branch="False" />
            <line number="10" hits="0" branch="False" />
          </lines>
        </class>
        <class name="VSS.VisionLink.Interfaces.Events.Preference.UpdateUserPreferenceEvent" filename="Common/VSS.VisionLink.Interfaces/src/Events.Preference/UpdateUserPreferenceEvent.cs" line-rate="0" branch-rate="0" complexity="0">
          <methods>
            <method name="get_UserUID" signature="()" line-rate="0" branch-rate="0">
              <lines>
                <line number="8" hits="0" branch="False" />
              </lines>
            </method>
            <method name="get_PreferenceKeyUID" signature="()" line-rate="0" branch-rate="0">
              <lines>
                <line number="10" hits="0" branch="False" />
              </lines>
            </method>
            <method name="get_PreferenceKeyName" signature="()" line-rate="0" branch-rate="0">
              <lines>
                <line number="12" hits="0" branch="False" />
              </lines>
            </method>
            <method name="get_PreferenceJson" signature="()" line-rate="0" branch-rate="0">
              <lines>
                <line number="14" hits="0" branch="False" />
              </lines>
            </method>
            <method name="get_SchemaVersion" signature="()" line-rate="0" branch-rate="0">
              <lines>
                <line number="16" hits="0" branch="False" />
              </lines>
            </method>
            <method name="get_ActionUTC" signature="()" line-rate="0" branch-rate="0">
              <lines>
                <line number="18" hits="0" branch="False" />
              </lines>
            </method>
          </methods>
          <lines>
            <line number="8" hits="0" branch="False" />
            <line number="10" hits="0" branch="False" />
            <line number="12" hits="0" branch="False" />
            <line number="14" hits="0" branch="False" />
            <line number="16" hits="0" branch="False" />
            <line number="18" hits="0" branch="False" />
          </lines>
        </class>
        <class name="VSS.VisionLink.Interfaces.Events.Notifications.Updates.UserAssetNotificationCountUpdatedEvent" filename="Common/VSS.VisionLink.Interfaces/src/Events.Notifications/Updates/UserAssetNotificationCountUpdatedEvent.cs" line-rate="0" branch-rate="0" complexity="0">
          <methods>
            <method name="get_UserAsset" signature="()" line-rate="0" branch-rate="0">
              <lines>
                <line number="7" hits="0" branch="False" />
              </lines>
            </method>
            <method name="get_Timestamp" signature="()" line-rate="0" branch-rate="0">
              <lines>
                <line number="8" hits="0" branch="False" />
              </lines>
            </method>
            <method name="get_State" signature="()" line-rate="0" branch-rate="0">
              <lines>
                <line number="10" hits="0" branch="False" />
              </lines>
            </method>
            <method name="get_CustomerUid" signature="()" line-rate="0" branch-rate="0">
              <lines>
                <line number="11" hits="0" branch="False" />
              </lines>
            </method>
          </methods>
          <lines>
            <line number="7" hits="0" branch="False" />
            <line number="8" hits="0" branch="False" />
            <line number="10" hits="0" branch="False" />
            <line number="11" hits="0" branch="False" />
          </lines>
        </class>
        <class name="VSS.VisionLink.Interfaces.Events.Notifications.Events.CreateTagFileErrorEvent" filename="Common/VSS.VisionLink.Interfaces/src/Events.Notifications/Events/CreateTagFileErrorEvent.cs" line-rate="0" branch-rate="0" complexity="0">
          <methods>
            <method name="get_TagFileErrorUID" signature="()" line-rate="0" branch-rate="0">
              <lines>
                <line number="8" hits="0" branch="False" />
              </lines>
            </method>
            <method name="get_MachineName" signature="()" line-rate="0" branch-rate="0">
              <lines>
                <line number="10" hits="0" branch="False" />
              </lines>
            </method>
            <method name="get_DisplaySerialNumber" signature="()" line-rate="0" branch-rate="0">
              <lines>
                <line number="12" hits="0" branch="False" />
              </lines>
            </method>
            <method name="get_TagFileCreatedUTC" signature="()" line-rate="0" branch-rate="0">
              <lines>
                <line number="14" hits="0" branch="False" />
              </lines>
            </method>
            <method name="get_ErrorCode" signature="()" line-rate="0" branch-rate="0">
              <lines>
                <line number="16" hits="0" branch="False" />
              </lines>
            </method>
            <method name="get_CustomerUID" signature="()" line-rate="0" branch-rate="0">
              <lines>
                <line number="19" hits="0" branch="False" />
              </lines>
            </method>
            <method name="get_AssetUID" signature="()" line-rate="0" branch-rate="0">
              <lines>
                <line number="21" hits="0" branch="False" />
              </lines>
            </method>
            <method name="get_DeviceSerialNumber" signature="()" line-rate="0" branch-rate="0">
              <lines>
                <line number="23" hits="0" branch="False" />
              </lines>
            </method>
            <method name="get_DeviceType" signature="()" line-rate="0" branch-rate="0">
              <lines>
                <line number="25" hits="0" branch="False" />
              </lines>
            </method>
            <method name="get_ProjectUID" signature="()" line-rate="0" branch-rate="0">
              <lines>
                <line number="27" hits="0" branch="False" />
              </lines>
            </method>
            <method name="get_TccOrgId" signature="()" line-rate="0" branch-rate="0">
              <lines>
                <line number="30" hits="0" branch="False" />
              </lines>
            </method>
            <method name="get_LegacyAssetId" signature="()" line-rate="0" branch-rate="0">
              <lines>
                <line number="32" hits="0" branch="False" />
              </lines>
            </method>
            <method name="get_LegacyProjectId" signature="()" line-rate="0" branch-rate="0">
              <lines>
                <line number="34" hits="0" branch="False" />
              </lines>
            </method>
            <method name="get_ActionUTC" signature="()" line-rate="0" branch-rate="0">
              <lines>
                <line number="37" hits="0" branch="False" />
              </lines>
            </method>
          </methods>
          <lines>
            <line number="8" hits="0" branch="False" />
            <line number="10" hits="0" branch="False" />
            <line number="12" hits="0" branch="False" />
            <line number="14" hits="0" branch="False" />
            <line number="16" hits="0" branch="False" />
            <line number="19" hits="0" branch="False" />
            <line number="21" hits="0" branch="False" />
            <line number="23" hits="0" branch="False" />
            <line number="25" hits="0" branch="False" />
            <line number="27" hits="0" branch="False" />
            <line number="30" hits="0" branch="False" />
            <line number="32" hits="0" branch="False" />
            <line number="34" hits="0" branch="False" />
            <line number="37" hits="0" branch="False" />
          </lines>
        </class>
        <class name="VSS.VisionLink.Interfaces.Events.Notifications.Context.TimestampDetail" filename="Common/VSS.VisionLink.Interfaces/src/Events.Notifications/Context/TimestampDetail.cs" line-rate="0" branch-rate="0" complexity="0">
          <methods>
            <method name="get_EventUtc" signature="()" line-rate="0" branch-rate="0">
              <lines>
                <line number="7" hits="0" branch="False" />
              </lines>
            </method>
          </methods>
          <lines>
            <line number="7" hits="0" branch="False" />
          </lines>
        </class>
        <class name="VSS.VisionLink.Interfaces.Events.Notifications.Context.UserAssetDetail" filename="Common/VSS.VisionLink.Interfaces/src/Events.Notifications/Context/UserAssetDetail.cs" line-rate="0" branch-rate="0" complexity="0">
          <methods>
            <method name="get_UserUid" signature="()" line-rate="0" branch-rate="0">
              <lines>
                <line number="5" hits="0" branch="False" />
              </lines>
            </method>
            <method name="get_AssetUid" signature="()" line-rate="0" branch-rate="0">
              <lines>
                <line number="6" hits="0" branch="False" />
              </lines>
            </method>
          </methods>
          <lines>
            <line number="5" hits="0" branch="False" />
            <line number="6" hits="0" branch="False" />
          </lines>
        </class>
        <class name="VSS.Visionlink.Interfaces.Events.MasterData.Models.AssociateProjectGeofence" filename="Common/VSS.VisionLink.Interfaces/src/Events.MasterData/Models/AssociateProjectGeofence.cs" line-rate="0" branch-rate="0" complexity="0">
          <methods>
            <method name="get_ProjectUID" signature="()" line-rate="0" branch-rate="0">
              <lines>
                <line number="8" hits="0" branch="False" />
              </lines>
            </method>
            <method name="get_GeofenceUID" signature="()" line-rate="0" branch-rate="0">
              <lines>
                <line number="9" hits="0" branch="False" />
              </lines>
            </method>
            <method name="get_ActionUTC" signature="()" line-rate="0" branch-rate="0">
              <lines>
                <line number="10" hits="0" branch="False" />
              </lines>
            </method>
          </methods>
          <lines>
            <line number="8" hits="0" branch="False" />
            <line number="9" hits="0" branch="False" />
            <line number="10" hits="0" branch="False" />
          </lines>
        </class>
        <class name="VSS.Visionlink.Interfaces.Events.MasterData.Models.CreateFilterEvent" filename="Common/VSS.VisionLink.Interfaces/src/Events.MasterData/Models/CreateFilterEvent.cs" line-rate="0" branch-rate="0" complexity="0">
          <methods>
            <method name="get_CustomerUID" signature="()" line-rate="0" branch-rate="0">
              <lines>
                <line number="8" hits="0" branch="False" />
              </lines>
            </method>
            <method name="get_UserID" signature="()" line-rate="0" branch-rate="0">
              <lines>
                <line number="11" hits="0" branch="False" />
              </lines>
            </method>
            <method name="get_ProjectUID" signature="()" line-rate="0" branch-rate="0">
              <lines>
                <line number="12" hits="0" branch="False" />
              </lines>
            </method>
            <method name="get_FilterUID" signature="()" line-rate="0" branch-rate="0">
              <lines>
                <line number="13" hits="0" branch="False" />
              </lines>
            </method>
            <method name="get_Name" signature="()" line-rate="0" branch-rate="0">
              <lines>
                <line number="14" hits="0" branch="False" />
              </lines>
            </method>
            <method name="get_FilterJson" signature="()" line-rate="0" branch-rate="0">
              <lines>
                <line number="15" hits="0" branch="False" />
              </lines>
            </method>
            <method name="get_FilterType" signature="()" line-rate="0" branch-rate="0">
              <lines>
                <line number="16" hits="0" branch="False" />
              </lines>
            </method>
            <method name="get_ActionUTC" signature="()" line-rate="0" branch-rate="0">
              <lines>
                <line number="17" hits="0" branch="False" />
              </lines>
            </method>
          </methods>
          <lines>
            <line number="8" hits="0" branch="False" />
            <line number="11" hits="0" branch="False" />
            <line number="12" hits="0" branch="False" />
            <line number="13" hits="0" branch="False" />
            <line number="14" hits="0" branch="False" />
            <line number="15" hits="0" branch="False" />
            <line number="16" hits="0" branch="False" />
            <line number="17" hits="0" branch="False" />
          </lines>
        </class>
        <class name="VSS.Visionlink.Interfaces.Events.MasterData.Models.CreateGeofenceEvent" filename="Common/VSS.VisionLink.Interfaces/src/Events.MasterData/Models/CreateGeofenceEvent.cs" line-rate="0" branch-rate="0" complexity="0">
          <methods>
            <method name="get_CustomerUID" signature="()" line-rate="0" branch-rate="0">
              <lines>
                <line number="8" hits="0" branch="False" />
              </lines>
            </method>
            <method name="get_GeofenceName" signature="()" line-rate="0" branch-rate="0">
              <lines>
                <line number="9" hits="0" branch="False" />
              </lines>
            </method>
            <method name="get_Description" signature="()" line-rate="0" branch-rate="0">
              <lines>
                <line number="10" hits="0" branch="False" />
              </lines>
            </method>
            <method name="get_GeofenceType" signature="()" line-rate="0" branch-rate="0">
              <lines>
                <line number="11" hits="0" branch="False" />
              </lines>
            </method>
            <method name="get_GeometryWKT" signature="()" line-rate="0" branch-rate="0">
              <lines>
                <line number="12" hits="0" branch="False" />
              </lines>
            </method>
            <method name="get_FillColor" signature="()" line-rate="0" branch-rate="0">
              <lines>
                <line number="13" hits="0" branch="False" />
              </lines>
            </method>
            <method name="get_IsTransparent" signature="()" line-rate="0" branch-rate="0">
              <lines>
                <line number="14" hits="0" branch="False" />
              </lines>
            </method>
            <method name="get_GeofenceUID" signature="()" line-rate="0" branch-rate="0">
              <lines>
                <line number="15" hits="0" branch="False" />
              </lines>
            </method>
            <method name="get_UserUID" signature="()" line-rate="0" branch-rate="0">
              <lines>
                <line number="16" hits="0" branch="False" />
              </lines>
            </method>
            <method name="get_ActionUTC" signature="()" line-rate="0" branch-rate="0">
              <lines>
                <line number="17" hits="0" branch="False" />
              </lines>
            </method>
            <method name="get_EndDate" signature="()" line-rate="0" branch-rate="0">
              <lines>
                <line number="18" hits="0" branch="False" />
              </lines>
            </method>
            <method name="get_AreaSqMeters" signature="()" line-rate="0" branch-rate="0">
              <lines>
                <line number="19" hits="0" branch="False" />
              </lines>
            </method>
          </methods>
          <lines>
            <line number="8" hits="0" branch="False" />
            <line number="9" hits="0" branch="False" />
            <line number="10" hits="0" branch="False" />
            <line number="11" hits="0" branch="False" />
            <line number="12" hits="0" branch="False" />
            <line number="13" hits="0" branch="False" />
            <line number="14" hits="0" branch="False" />
            <line number="15" hits="0" branch="False" />
            <line number="16" hits="0" branch="False" />
            <line number="17" hits="0" branch="False" />
            <line number="18" hits="0" branch="False" />
            <line number="19" hits="0" branch="False" />
          </lines>
        </class>
        <class name="VSS.Visionlink.Interfaces.Events.MasterData.Models.CreateImportedFileEvent" filename="Common/VSS.VisionLink.Interfaces/src/Events.MasterData/Models/CreateImportedFileEvent.cs" line-rate="0" branch-rate="0" complexity="0">
          <methods>
            <method name="get_ImportedFileUID" signature="()" line-rate="0" branch-rate="0">
              <lines>
                <line number="9" hits="0" branch="False" />
              </lines>
            </method>
            <method name="get_ImportedFileID" signature="()" line-rate="0" branch-rate="0">
              <lines>
                <line number="10" hits="0" branch="False" />
              </lines>
            </method>
            <method name="get_CustomerUID" signature="()" line-rate="0" branch-rate="0">
              <lines>
                <line number="11" hits="0" branch="False" />
              </lines>
            </method>
            <method name="get_ImportedFileType" signature="()" line-rate="0" branch-rate="0">
              <lines>
                <line number="12" hits="0" branch="False" />
              </lines>
            </method>
            <method name="get_Name" signature="()" line-rate="0" branch-rate="0">
              <lines>
                <line number="13" hits="0" branch="False" />
              </lines>
            </method>
            <method name="get_FileDescriptor" signature="()" line-rate="0" branch-rate="0">
              <lines>
                <line number="14" hits="0" branch="False" />
              </lines>
            </method>
            <method name="get_FileCreatedUtc" signature="()" line-rate="0" branch-rate="0">
              <lines>
                <line number="15" hits="0" branch="False" />
              </lines>
            </method>
            <method name="get_FileUpdatedUtc" signature="()" line-rate="0" branch-rate="0">
              <lines>
                <line number="16" hits="0" branch="False" />
              </lines>
            </method>
            <method name="get_ImportedBy" signature="()" line-rate="0" branch-rate="0">
              <lines>
                <line number="17" hits="0" branch="False" />
              </lines>
            </method>
            <method name="get_SurveyedUTC" signature="()" line-rate="0" branch-rate="0">
              <lines>
                <line number="18" hits="0" branch="False" />
              </lines>
            </method>
            <method name="get_DxfUnitsType" signature="()" line-rate="0" branch-rate="0">
              <lines>
                <line number="19" hits="0" branch="False" />
              </lines>
            </method>
            <method name="get_ProjectUID" signature="()" line-rate="0" branch-rate="0">
              <lines>
                <line number="20" hits="0" branch="False" />
              </lines>
            </method>
            <method name="get_ActionUTC" signature="()" line-rate="0" branch-rate="0">
              <lines>
                <line number="21" hits="0" branch="False" />
              </lines>
            </method>
            <method name="get_MinZoomLevel" signature="()" line-rate="0" branch-rate="0">
              <lines>
                <line number="22" hits="0" branch="False" />
              </lines>
            </method>
            <method name="get_MaxZoomLevel" signature="()" line-rate="0" branch-rate="0">
              <lines>
                <line number="23" hits="0" branch="False" />
              </lines>
            </method>
            <method name="get_Offset" signature="()" line-rate="0" branch-rate="0">
              <lines>
                <line number="24" hits="0" branch="False" />
              </lines>
            </method>
            <method name="get_ParentUID" signature="()" line-rate="0" branch-rate="0">
              <lines>
                <line number="25" hits="0" branch="False" />
              </lines>
            </method>
          </methods>
          <lines>
            <line number="9" hits="0" branch="False" />
            <line number="10" hits="0" branch="False" />
            <line number="11" hits="0" branch="False" />
            <line number="12" hits="0" branch="False" />
            <line number="13" hits="0" branch="False" />
            <line number="14" hits="0" branch="False" />
            <line number="15" hits="0" branch="False" />
            <line number="16" hits="0" branch="False" />
            <line number="17" hits="0" branch="False" />
            <line number="18" hits="0" branch="False" />
            <line number="19" hits="0" branch="False" />
            <line number="20" hits="0" branch="False" />
            <line number="21" hits="0" branch="False" />
            <line number="22" hits="0" branch="False" />
            <line number="23" hits="0" branch="False" />
            <line number="24" hits="0" branch="False" />
            <line number="25" hits="0" branch="False" />
          </lines>
        </class>
        <class name="VSS.Visionlink.Interfaces.Events.MasterData.Models.CreateProjectEvent" filename="Common/VSS.VisionLink.Interfaces/src/Events.MasterData/Models/CreateProjectEvent.cs" line-rate="0" branch-rate="0" complexity="0">
          <methods>
            <method name="get_ProjectUID" signature="()" line-rate="0" branch-rate="0">
              <lines>
                <line number="8" hits="0" branch="False" />
              </lines>
            </method>
            <method name="get_CustomerUID" signature="()" line-rate="0" branch-rate="0">
              <lines>
                <line number="9" hits="0" branch="False" />
              </lines>
            </method>
            <method name="get_ShortRaptorProjectId" signature="()" line-rate="0" branch-rate="0">
              <lines>
                <line number="10" hits="0" branch="False" />
              </lines>
            </method>
            <method name="get_ProjectName" signature="()" line-rate="0" branch-rate="0">
              <lines>
                <line number="11" hits="0" branch="False" />
              </lines>
            </method>
            <method name="get_ProjectType" signature="()" line-rate="0" branch-rate="0">
              <lines>
                <line number="12" hits="0" branch="False" />
              </lines>
            </method>
            <method name="get_ProjectTimezone" signature="()" line-rate="0" branch-rate="0">
              <lines>
                <line number="13" hits="0" branch="False" />
              </lines>
            </method>
            <method name="get_ProjectBoundary" signature="()" line-rate="0" branch-rate="0">
              <lines>
                <line number="14" hits="0" branch="False" />
              </lines>
            </method>
            <method name="get_CoordinateSystemFileName" signature="()" line-rate="0" branch-rate="0">
              <lines>
                <line number="15" hits="0" branch="False" />
              </lines>
            </method>
            <method name="get_CoordinateSystemFileContent" signature="()" line-rate="0" branch-rate="0">
              <lines>
                <line number="16" hits="0" branch="False" />
              </lines>
            </method>
            <method name="get_ActionUTC" signature="()" line-rate="0" branch-rate="0">
              <lines>
                <line number="17" hits="0" branch="False" />
              </lines>
            </method>
          </methods>
          <lines>
            <line number="8" hits="0" branch="False" />
            <line number="9" hits="0" branch="False" />
            <line number="10" hits="0" branch="False" />
            <line number="11" hits="0" branch="False" />
            <line number="12" hits="0" branch="False" />
            <line number="13" hits="0" branch="False" />
            <line number="14" hits="0" branch="False" />
            <line number="15" hits="0" branch="False" />
            <line number="16" hits="0" branch="False" />
            <line number="17" hits="0" branch="False" />
          </lines>
        </class>
        <class name="VSS.Visionlink.Interfaces.Events.MasterData.Models.CreateUserPreferencePayload" filename="Common/VSS.VisionLink.Interfaces/src/Events.MasterData/Models/CreateUserPreferencePayload.cs" line-rate="0" branch-rate="0" complexity="0">
          <methods>
            <method name="get_PreferenceKeyUID" signature="()" line-rate="0" branch-rate="0">
              <lines>
                <line number="7" hits="0" branch="False" />
              </lines>
            </method>
            <method name="get_CustomerUID" signature="()" line-rate="0" branch-rate="0">
              <lines>
                <line number="10" hits="0" branch="False" />
              </lines>
            </method>
            <method name="get_PreferenceKeyName" signature="()" line-rate="0" branch-rate="0">
              <lines>
                <line number="12" hits="0" branch="False" />
              </lines>
            </method>
            <method name="get_PreferenceJson" signature="()" line-rate="0" branch-rate="0">
              <lines>
                <line number="14" hits="0" branch="False" />
              </lines>
            </method>
            <method name="get_SchemaVersion" signature="()" line-rate="0" branch-rate="0">
              <lines>
                <line number="16" hits="0" branch="False" />
              </lines>
            </method>
            <method name="get_ActionUTC" signature="()" line-rate="0" branch-rate="0">
              <lines>
                <line number="18" hits="0" branch="False" />
              </lines>
            </method>
          </methods>
          <lines>
            <line number="7" hits="0" branch="False" />
            <line number="10" hits="0" branch="False" />
            <line number="12" hits="0" branch="False" />
            <line number="14" hits="0" branch="False" />
            <line number="16" hits="0" branch="False" />
            <line number="18" hits="0" branch="False" />
          </lines>
        </class>
        <class name="VSS.Visionlink.Interfaces.Events.MasterData.Models.DeleteFilterEvent" filename="Common/VSS.VisionLink.Interfaces/src/Events.MasterData/Models/DeleteFilterEvent.cs" line-rate="0" branch-rate="0" complexity="0">
          <methods>
            <method name="get_FilterUID" signature="()" line-rate="0" branch-rate="0">
              <lines>
                <line number="8" hits="0" branch="False" />
              </lines>
            </method>
            <method name="get_ActionUTC" signature="()" line-rate="0" branch-rate="0">
              <lines>
                <line number="10" hits="0" branch="False" />
              </lines>
            </method>
            <method name="get_CustomerUID" signature="()" line-rate="0" branch-rate="0">
              <lines>
                <line number="13" hits="0" branch="False" />
              </lines>
            </method>
            <method name="get_UserUID" signature="()" line-rate="0" branch-rate="0">
              <lines>
                <line number="16" hits="0" branch="False" />
              </lines>
            </method>
            <method name="get_UserID" signature="()" line-rate="0" branch-rate="0">
              <lines>
                <line number="19" hits="0" branch="False" />
              </lines>
            </method>
            <method name="get_ProjectUID" signature="()" line-rate="0" branch-rate="0">
              <lines>
                <line number="20" hits="0" branch="False" />
              </lines>
            </method>
          </methods>
          <lines>
            <line number="8" hits="0" branch="False" />
            <line number="10" hits="0" branch="False" />
            <line number="13" hits="0" branch="False" />
            <line number="16" hits="0" branch="False" />
            <line number="19" hits="0" branch="False" />
            <line number="20" hits="0" branch="False" />
          </lines>
        </class>
        <class name="VSS.Visionlink.Interfaces.Events.MasterData.Models.DeleteGeofenceEvent" filename="Common/VSS.VisionLink.Interfaces/src/Events.MasterData/Models/DeleteGeofenceEvent.cs" line-rate="0" branch-rate="0" complexity="0">
          <methods>
            <method name="get_GeofenceUID" signature="()" line-rate="0" branch-rate="0">
              <lines>
                <line number="8" hits="0" branch="False" />
              </lines>
            </method>
            <method name="get_UserUID" signature="()" line-rate="0" branch-rate="0">
              <lines>
                <line number="9" hits="0" branch="False" />
              </lines>
            </method>
            <method name="get_ActionUTC" signature="()" line-rate="0" branch-rate="0">
              <lines>
                <line number="10" hits="0" branch="False" />
              </lines>
            </method>
          </methods>
          <lines>
            <line number="8" hits="0" branch="False" />
            <line number="9" hits="0" branch="False" />
            <line number="10" hits="0" branch="False" />
          </lines>
        </class>
        <class name="VSS.Visionlink.Interfaces.Events.MasterData.Models.DeleteImportedFileEvent" filename="Common/VSS.VisionLink.Interfaces/src/Events.MasterData/Models/DeleteImportedFileEvent.cs" line-rate="0" branch-rate="0" complexity="0">
          <methods>
            <method name="get_ImportedFileUID" signature="()" line-rate="0" branch-rate="0">
              <lines>
                <line number="8" hits="0" branch="False" />
              </lines>
            </method>
            <method name="get_ProjectUID" signature="()" line-rate="0" branch-rate="0">
              <lines>
                <line number="9" hits="0" branch="False" />
              </lines>
            </method>
            <method name="get_DeletePermanently" signature="()" line-rate="0" branch-rate="0">
              <lines>
                <line number="10" hits="0" branch="False" />
              </lines>
            </method>
            <method name="get_ActionUTC" signature="()" line-rate="0" branch-rate="0">
              <lines>
                <line number="11" hits="0" branch="False" />
              </lines>
            </method>
          </methods>
          <lines>
            <line number="8" hits="0" branch="False" />
            <line number="9" hits="0" branch="False" />
            <line number="10" hits="0" branch="False" />
            <line number="11" hits="0" branch="False" />
          </lines>
        </class>
        <class name="VSS.Visionlink.Interfaces.Events.MasterData.Models.DeleteProjectEvent" filename="Common/VSS.VisionLink.Interfaces/src/Events.MasterData/Models/DeleteProjectEvent.cs" line-rate="0" branch-rate="0" complexity="0">
          <methods>
            <method name="get_ProjectUID" signature="()" line-rate="0" branch-rate="0">
              <lines>
                <line number="8" hits="0" branch="False" />
              </lines>
            </method>
            <method name="get_DeletePermanently" signature="()" line-rate="0" branch-rate="0">
              <lines>
                <line number="9" hits="0" branch="False" />
              </lines>
            </method>
            <method name="get_ActionUTC" signature="()" line-rate="0" branch-rate="0">
              <lines>
                <line number="10" hits="0" branch="False" />
              </lines>
            </method>
          </methods>
          <lines>
            <line number="8" hits="0" branch="False" />
            <line number="9" hits="0" branch="False" />
            <line number="10" hits="0" branch="False" />
          </lines>
        </class>
        <class name="VSS.Visionlink.Interfaces.Events.MasterData.Models.DissociateProjectGeofence" filename="Common/VSS.VisionLink.Interfaces/src/Events.MasterData/Models/DissociateProjectGeofence.cs" line-rate="0" branch-rate="0" complexity="0">
          <methods>
            <method name="get_ProjectUID" signature="()" line-rate="0" branch-rate="0">
              <lines>
                <line number="8" hits="0" branch="False" />
              </lines>
            </method>
            <method name="get_GeofenceUID" signature="()" line-rate="0" branch-rate="0">
              <lines>
                <line number="9" hits="0" branch="False" />
              </lines>
            </method>
            <method name="get_ActionUTC" signature="()" line-rate="0" branch-rate="0">
              <lines>
                <line number="10" hits="0" branch="False" />
              </lines>
            </method>
          </methods>
          <lines>
            <line number="8" hits="0" branch="False" />
            <line number="9" hits="0" branch="False" />
            <line number="10" hits="0" branch="False" />
          </lines>
        </class>
        <class name="VSS.Visionlink.Interfaces.Events.MasterData.Models.UpdateFilterEvent" filename="Common/VSS.VisionLink.Interfaces/src/Events.MasterData/Models/UpdateFilterEvent.cs" line-rate="0" branch-rate="0" complexity="0">
          <methods>
            <method name="get_FilterUID" signature="()" line-rate="0" branch-rate="0">
              <lines>
                <line number="8" hits="0" branch="False" />
              </lines>
            </method>
            <method name="get_Name" signature="()" line-rate="0" branch-rate="0">
              <lines>
                <line number="9" hits="0" branch="False" />
              </lines>
            </method>
            <method name="get_FilterJson" signature="()" line-rate="0" branch-rate="0">
              <lines>
                <line number="10" hits="0" branch="False" />
              </lines>
            </method>
            <method name="get_FilterType" signature="()" line-rate="0" branch-rate="0">
              <lines>
                <line number="11" hits="0" branch="False" />
              </lines>
            </method>
            <method name="get_ActionUTC" signature="()" line-rate="0" branch-rate="0">
              <lines>
                <line number="12" hits="0" branch="False" />
              </lines>
            </method>
            <method name="get_CustomerUID" signature="()" line-rate="0" branch-rate="0">
              <lines>
                <line number="16" hits="0" branch="False" />
              </lines>
            </method>
            <method name="get_UserUID" signature="()" line-rate="0" branch-rate="0">
              <lines>
                <line number="18" hits="0" branch="False" />
              </lines>
            </method>
            <method name="get_UserID" signature="()" line-rate="0" branch-rate="0">
              <lines>
                <line number="21" hits="0" branch="False" />
              </lines>
            </method>
            <method name="get_ProjectUID" signature="()" line-rate="0" branch-rate="0">
              <lines>
                <line number="22" hits="0" branch="False" />
              </lines>
            </method>
          </methods>
          <lines>
            <line number="8" hits="0" branch="False" />
            <line number="9" hits="0" branch="False" />
            <line number="10" hits="0" branch="False" />
            <line number="11" hits="0" branch="False" />
            <line number="12" hits="0" branch="False" />
            <line number="16" hits="0" branch="False" />
            <line number="18" hits="0" branch="False" />
            <line number="21" hits="0" branch="False" />
            <line number="22" hits="0" branch="False" />
          </lines>
        </class>
        <class name="VSS.Visionlink.Interfaces.Events.MasterData.Models.UpdateGeofenceEvent" filename="Common/VSS.VisionLink.Interfaces/src/Events.MasterData/Models/UpdateGeofenceEvent.cs" line-rate="0" branch-rate="0" complexity="0">
          <methods>
            <method name="get_GeofenceName" signature="()" line-rate="0" branch-rate="0">
              <lines>
                <line number="8" hits="0" branch="False" />
              </lines>
            </method>
            <method name="get_Description" signature="()" line-rate="0" branch-rate="0">
              <lines>
                <line number="9" hits="0" branch="False" />
              </lines>
            </method>
            <method name="get_GeofenceType" signature="()" line-rate="0" branch-rate="0">
              <lines>
                <line number="10" hits="0" branch="False" />
              </lines>
            </method>
            <method name="get_GeometryWKT" signature="()" line-rate="0" branch-rate="0">
              <lines>
                <line number="11" hits="0" branch="False" />
              </lines>
            </method>
            <method name="get_FillColor" signature="()" line-rate="0" branch-rate="0">
              <lines>
                <line number="12" hits="0" branch="False" />
              </lines>
            </method>
            <method name="get_IsTransparent" signature="()" line-rate="0" branch-rate="0">
              <lines>
                <line number="13" hits="0" branch="False" />
              </lines>
            </method>
            <method name="get_GeofenceUID" signature="()" line-rate="0" branch-rate="0">
              <lines>
                <line number="14" hits="0" branch="False" />
              </lines>
            </method>
            <method name="get_UserUID" signature="()" line-rate="0" branch-rate="0">
              <lines>
                <line number="15" hits="0" branch="False" />
              </lines>
            </method>
            <method name="get_ActionUTC" signature="()" line-rate="0" branch-rate="0">
              <lines>
                <line number="16" hits="0" branch="False" />
              </lines>
            </method>
            <method name="get_EndDate" signature="()" line-rate="0" branch-rate="0">
              <lines>
                <line number="17" hits="0" branch="False" />
              </lines>
            </method>
            <method name="get_AreaSqMeters" signature="()" line-rate="0" branch-rate="0">
              <lines>
                <line number="18" hits="0" branch="False" />
              </lines>
            </method>
          </methods>
          <lines>
            <line number="8" hits="0" branch="False" />
            <line number="9" hits="0" branch="False" />
            <line number="10" hits="0" branch="False" />
            <line number="11" hits="0" branch="False" />
            <line number="12" hits="0" branch="False" />
            <line number="13" hits="0" branch="False" />
            <line number="14" hits="0" branch="False" />
            <line number="15" hits="0" branch="False" />
            <line number="16" hits="0" branch="False" />
            <line number="17" hits="0" branch="False" />
            <line number="18" hits="0" branch="False" />
          </lines>
        </class>
        <class name="VSS.Visionlink.Interfaces.Events.MasterData.Models.UpdateImportedFileEvent" filename="Common/VSS.VisionLink.Interfaces/src/Events.MasterData/Models/UpdateImportedFileEvent.cs" line-rate="0" branch-rate="0" complexity="0">
          <methods>
            <method name="get_ImportedFileUID" signature="()" line-rate="0" branch-rate="0">
              <lines>
                <line number="8" hits="0" branch="False" />
              </lines>
            </method>
            <method name="get_FileDescriptor" signature="()" line-rate="0" branch-rate="0">
              <lines>
                <line number="9" hits="0" branch="False" />
              </lines>
            </method>
            <method name="get_FileCreatedUtc" signature="()" line-rate="0" branch-rate="0">
              <lines>
                <line number="10" hits="0" branch="False" />
              </lines>
            </method>
            <method name="get_FileUpdatedUtc" signature="()" line-rate="0" branch-rate="0">
              <lines>
                <line number="11" hits="0" branch="False" />
              </lines>
            </method>
            <method name="get_ImportedBy" signature="()" line-rate="0" branch-rate="0">
              <lines>
                <line number="12" hits="0" branch="False" />
              </lines>
            </method>
            <method name="get_SurveyedUtc" signature="()" line-rate="0" branch-rate="0">
              <lines>
                <line number="13" hits="0" branch="False" />
              </lines>
            </method>
            <method name="get_ProjectUID" signature="()" line-rate="0" branch-rate="0">
              <lines>
                <line number="14" hits="0" branch="False" />
              </lines>
            </method>
            <method name="get_ActionUTC" signature="()" line-rate="0" branch-rate="0">
              <lines>
                <line number="15" hits="0" branch="False" />
              </lines>
            </method>
            <method name="get_MinZoomLevel" signature="()" line-rate="0" branch-rate="0">
              <lines>
                <line number="16" hits="0" branch="False" />
              </lines>
            </method>
            <method name="get_MaxZoomLevel" signature="()" line-rate="0" branch-rate="0">
              <lines>
                <line number="17" hits="0" branch="False" />
              </lines>
            </method>
            <method name="get_Offset" signature="()" line-rate="0" branch-rate="0">
              <lines>
                <line number="18" hits="0" branch="False" />
              </lines>
            </method>
          </methods>
          <lines>
            <line number="8" hits="0" branch="False" />
            <line number="9" hits="0" branch="False" />
            <line number="10" hits="0" branch="False" />
            <line number="11" hits="0" branch="False" />
            <line number="12" hits="0" branch="False" />
            <line number="13" hits="0" branch="False" />
            <line number="14" hits="0" branch="False" />
            <line number="15" hits="0" branch="False" />
            <line number="16" hits="0" branch="False" />
            <line number="17" hits="0" branch="False" />
            <line number="18" hits="0" branch="False" />
          </lines>
        </class>
        <class name="VSS.Visionlink.Interfaces.Events.MasterData.Models.UpdateProjectEvent" filename="Common/VSS.VisionLink.Interfaces/src/Events.MasterData/Models/UpdateProjectEvent.cs" line-rate="0" branch-rate="0" complexity="0">
          <methods>
            <method name="get_ProjectTimezone" signature="()" line-rate="0" branch-rate="0">
              <lines>
                <line number="8" hits="0" branch="False" />
              </lines>
            </method>
            <method name="get_ProjectName" signature="()" line-rate="0" branch-rate="0">
              <lines>
                <line number="9" hits="0" branch="False" />
              </lines>
            </method>
            <method name="get_ProjectType" signature="()" line-rate="0" branch-rate="0">
              <lines>
                <line number="10" hits="0" branch="False" />
              </lines>
            </method>
            <method name="get_ProjectUID" signature="()" line-rate="0" branch-rate="0">
              <lines>
                <line number="12" hits="0" branch="False" />
              </lines>
            </method>
            <method name="get_ProjectBoundary" signature="()" line-rate="0" branch-rate="0">
              <lines>
                <line number="13" hits="0" branch="False" />
              </lines>
            </method>
            <method name="get_CoordinateSystemFileName" signature="()" line-rate="0" branch-rate="0">
              <lines>
                <line number="15" hits="0" branch="False" />
              </lines>
            </method>
            <method name="get_CoordinateSystemFileContent" signature="()" line-rate="0" branch-rate="0">
              <lines>
                <line number="16" hits="0" branch="False" />
              </lines>
            </method>
            <method name="get_ActionUTC" signature="()" line-rate="0" branch-rate="0">
              <lines>
                <line number="18" hits="0" branch="False" />
              </lines>
            </method>
          </methods>
          <lines>
            <line number="8" hits="0" branch="False" />
            <line number="9" hits="0" branch="False" />
            <line number="10" hits="0" branch="False" />
            <line number="12" hits="0" branch="False" />
            <line number="13" hits="0" branch="False" />
            <line number="15" hits="0" branch="False" />
            <line number="16" hits="0" branch="False" />
            <line number="18" hits="0" branch="False" />
          </lines>
        </class>
        <class name="VSS.Visionlink.Interfaces.Events.MasterData.Models.UpdateProjectSettingsEvent" filename="Common/VSS.VisionLink.Interfaces/src/Events.MasterData/Models/UpdateProjectSettingsEvent.cs" line-rate="0" branch-rate="0" complexity="0">
          <methods>
            <method name="get_ProjectUID" signature="()" line-rate="0" branch-rate="0">
              <lines>
                <line number="8" hits="0" branch="False" />
              </lines>
            </method>
            <method name="get_ProjectSettingsType" signature="()" line-rate="0" branch-rate="0">
              <lines>
                <line number="9" hits="0" branch="False" />
              </lines>
            </method>
            <method name="get_Settings" signature="()" line-rate="0" branch-rate="0">
              <lines>
                <line number="10" hits="0" branch="False" />
              </lines>
            </method>
            <method name="get_UserID" signature="()" line-rate="0" branch-rate="0">
              <lines>
                <line number="13" hits="0" branch="False" />
              </lines>
            </method>
            <method name="get_ActionUTC" signature="()" line-rate="0" branch-rate="0">
              <lines>
                <line number="14" hits="0" branch="False" />
              </lines>
            </method>
          </methods>
          <lines>
            <line number="8" hits="0" branch="False" />
            <line number="9" hits="0" branch="False" />
            <line number="10" hits="0" branch="False" />
            <line number="13" hits="0" branch="False" />
            <line number="14" hits="0" branch="False" />
          </lines>
        </class>
        <class name="VSS.Visionlink.Interfaces.Events.MasterData.Models.UpdateUserPreferencePayload" filename="Common/VSS.VisionLink.Interfaces/src/Events.MasterData/Models/UpdateUserPreferencePayload.cs" line-rate="0" branch-rate="0" complexity="0">
          <methods>
            <method name="get_PreferenceKeyUID" signature="()" line-rate="0" branch-rate="0">
              <lines>
                <line number="10" hits="0" branch="False" />
              </lines>
            </method>
            <method name="get_PreferenceKeyName" signature="()" line-rate="0" branch-rate="0">
              <lines>
                <line number="12" hits="0" branch="False" />
              </lines>
            </method>
            <method name="get_PreferenceJson" signature="()" line-rate="0" branch-rate="0">
              <lines>
                <line number="14" hits="0" branch="False" />
              </lines>
            </method>
            <method name="get_SchemaVersion" signature="()" line-rate="0" branch-rate="0">
              <lines>
                <line number="16" hits="0" branch="False" />
              </lines>
            </method>
            <method name="get_ActionUTC" signature="()" line-rate="0" branch-rate="0">
              <lines>
                <line number="18" hits="0" branch="False" />
              </lines>
            </method>
          </methods>
          <lines>
            <line number="10" hits="0" branch="False" />
            <line number="12" hits="0" branch="False" />
            <line number="14" hits="0" branch="False" />
            <line number="16" hits="0" branch="False" />
            <line number="18" hits="0" branch="False" />
          </lines>
        </class>
      </classes>
    </package>
    <package name="VSS.MasterData.Proxies" line-rate="0" branch-rate="0" complexity="0">
      <classes>
        <class name="VSS.MasterData.Proxies.AsyncDuplicateLock" filename="Common/MasterDataProxies/src/AsyncDuplicateLock.cs" line-rate="0" branch-rate="0" complexity="0">
          <methods>
            <method name="GetOrCreate" signature="(System.String)" line-rate="0" branch-rate="0">
              <lines>
                <line number="26" hits="0" branch="False" />
                <line number="28" hits="0" branch="False" />
                <line number="29" hits="0" branch="False" />
                <line number="30" hits="0" branch="False" />
                <line number="31" hits="0" branch="False" />
                <line number="32" hits="0" branch="False" />
                <line number="33" hits="0" branch="False" />
                <line number="35" hits="0" branch="False" />
                <line number="36" hits="0" branch="False" />
                <line number="37" hits="0" branch="False" />
                <line number="38" hits="0" branch="False" />
                <line number="39" hits="0" branch="False" />
                <line number="40" hits="0" branch="False" />
                <line number="41" hits="0" branch="False" />
              </lines>
            </method>
            <method name="Lock" signature="(System.String)" line-rate="0" branch-rate="0">
              <lines>
                <line number="44" hits="0" branch="False" />
                <line number="45" hits="0" branch="False" />
                <line number="46" hits="0" branch="False" />
                <line number="47" hits="0" branch="False" />
              </lines>
            </method>
            <method name=".cctor" signature="()" line-rate="0" branch-rate="0">
              <lines>
                <line number="22" hits="0" branch="False" />
                <line number="23" hits="0" branch="False" />
              </lines>
            </method>
          </methods>
          <lines>
            <line number="26" hits="0" branch="False" />
            <line number="28" hits="0" branch="False" />
            <line number="29" hits="0" branch="False" />
            <line number="30" hits="0" branch="False" />
            <line number="31" hits="0" branch="False" />
            <line number="32" hits="0" branch="False" />
            <line number="33" hits="0" branch="False" />
            <line number="35" hits="0" branch="False" />
            <line number="36" hits="0" branch="False" />
            <line number="37" hits="0" branch="False" />
            <line number="38" hits="0" branch="False" />
            <line number="39" hits="0" branch="False" />
            <line number="40" hits="0" branch="False" />
            <line number="41" hits="0" branch="False" />
            <line number="44" hits="0" branch="False" />
            <line number="45" hits="0" branch="False" />
            <line number="46" hits="0" branch="False" />
            <line number="47" hits="0" branch="False" />
            <line number="22" hits="0" branch="False" />
            <line number="23" hits="0" branch="False" />
          </lines>
        </class>
        <class name="VSS.MasterData.Proxies.AsyncDuplicateLock/RefCounted`1" filename="Common/MasterDataProxies/src/AsyncDuplicateLock.cs" line-rate="0" branch-rate="0" complexity="0">
          <methods>
            <method name=".ctor" signature="(T)" line-rate="0" branch-rate="0">
              <lines>
                <line number="12" hits="0" branch="False" />
                <line number="13" hits="0" branch="False" />
                <line number="14" hits="0" branch="False" />
                <line number="15" hits="0" branch="False" />
                <line number="16" hits="0" branch="False" />
              </lines>
            </method>
            <method name="get_RefCount" signature="()" line-rate="0" branch-rate="0">
              <lines>
                <line number="18" hits="0" branch="False" />
              </lines>
            </method>
            <method name="get_Value" signature="()" line-rate="0" branch-rate="0">
              <lines>
                <line number="19" hits="0" branch="False" />
              </lines>
            </method>
          </methods>
          <lines>
            <line number="12" hits="0" branch="False" />
            <line number="13" hits="0" branch="False" />
            <line number="14" hits="0" branch="False" />
            <line number="15" hits="0" branch="False" />
            <line number="16" hits="0" branch="False" />
            <line number="18" hits="0" branch="False" />
            <line number="19" hits="0" branch="False" />
          </lines>
        </class>
        <class name="VSS.MasterData.Proxies.AsyncDuplicateLock/Releaser" filename="Common/MasterDataProxies/src/AsyncDuplicateLock.cs" line-rate="0" branch-rate="0" complexity="0">
          <methods>
            <method name="get_Key" signature="()" line-rate="0" branch-rate="0">
              <lines>
                <line number="57" hits="0" branch="False" />
              </lines>
            </method>
            <method name="Dispose" signature="()" line-rate="0" branch-rate="0">
              <lines>
                <line number="60" hits="0" branch="False" />
                <line number="62" hits="0" branch="False" />
                <line number="63" hits="0" branch="False" />
                <line number="64" hits="0" branch="False" />
                <line number="65" hits="0" branch="False" />
                <line number="66" hits="0" branch="False" />
                <line number="67" hits="0" branch="False" />
                <line number="68" hits="0" branch="False" />
                <line number="69" hits="0" branch="False" />
                <line number="70" hits="0" branch="False" />
              </lines>
            </method>
          </methods>
          <lines>
            <line number="57" hits="0" branch="False" />
            <line number="60" hits="0" branch="False" />
            <line number="62" hits="0" branch="False" />
            <line number="63" hits="0" branch="False" />
            <line number="64" hits="0" branch="False" />
            <line number="65" hits="0" branch="False" />
            <line number="66" hits="0" branch="False" />
            <line number="67" hits="0" branch="False" />
            <line number="68" hits="0" branch="False" />
            <line number="69" hits="0" branch="False" />
            <line number="70" hits="0" branch="False" />
          </lines>
        </class>
        <class name="VSS.MasterData.Proxies.AsyncDuplicateLock/&lt;LockAsync&gt;d__4" filename="Common/MasterDataProxies/src/AsyncDuplicateLock.cs" line-rate="0" branch-rate="0" complexity="0">
          <methods>
            <method name="MoveNext" signature="()" line-rate="0" branch-rate="0">
              <lines>
                <line number="50" hits="0" branch="False" />
                <line number="51" hits="0" branch="False" />
                <line number="52" hits="0" branch="False" />
                <line number="53" hits="0" branch="False" />
              </lines>
            </method>
          </methods>
          <lines>
            <line number="50" hits="0" branch="False" />
            <line number="51" hits="0" branch="False" />
            <line number="52" hits="0" branch="False" />
            <line number="53" hits="0" branch="False" />
          </lines>
        </class>
        <class name="VSS.MasterData.Proxies.BaseProxy" filename="Common/MasterDataProxies/src/BaseProxy.cs" line-rate="0" branch-rate="0" complexity="0">
          <methods>
            <method name=".ctor" signature="(VSS.Common.Abstractions.Configuration.IConfigurationStore,Microsoft.Extensions.Logging.ILoggerFactory,VSS.Common.Abstractions.Cache.Interfaces.IDataCache)" line-rate="0" branch-rate="0">
              <lines>
                <line number="36" hits="0" branch="False" />
                <line number="37" hits="0" branch="False" />
                <line number="38" hits="0" branch="False" />
                <line number="39" hits="0" branch="False" />
                <line number="40" hits="0" branch="False" />
                <line number="41" hits="0" branch="False" />
                <line number="42" hits="0" branch="False" />
                <line number="43" hits="0" branch="False" />
              </lines>
            </method>
            <method name=".ctor" signature="(VSS.Common.Abstractions.Configuration.IConfigurationStore,Microsoft.Extensions.Logging.ILoggerFactory)" line-rate="0" branch-rate="0">
              <lines>
                <line number="48" hits="0" branch="False" />
                <line number="49" hits="0" branch="False" />
                <line number="50" hits="0" branch="False" />
                <line number="51" hits="0" branch="False" />
                <line number="52" hits="0" branch="False" />
                <line number="53" hits="0" branch="False" />
                <line number="54" hits="0" branch="False" />
              </lines>
            </method>
            <method name="SendRequest" signature="(System.String,System.String,Microsoft.AspNetCore.Http.IHeaderDictionary,System.String,System.Net.Http.HttpMethod,System.String,System.Nullable`1&lt;System.Int32&gt;,System.Int32)" line-rate="0" branch-rate="0">
              <lines>
                <line number="113" hits="0" branch="False" />
                <line number="114" hits="0" branch="False" />
                <line number="115" hits="0" branch="False" />
                <line number="116" hits="0" branch="False" />
              </lines>
            </method>
            <method name="SendRequest" signature="(System.String,System.IO.Stream,Microsoft.AspNetCore.Http.IHeaderDictionary,System.String,System.Net.Http.HttpMethod)" line-rate="0" branch-rate="0">
              <lines>
                <line number="159" hits="0" branch="False" />
                <line number="160" hits="0" branch="False" />
                <line number="161" hits="0" branch="False" />
                <line number="162" hits="0" branch="False" />
              </lines>
            </method>
            <method name="GetMasterDataItem" signature="(System.String,Microsoft.AspNetCore.Http.IHeaderDictionary,System.String,System.String)" line-rate="0" branch-rate="0">
              <lines>
                <line number="195" hits="0" branch="False" />
                <line number="196" hits="0" branch="False" />
                <line number="197" hits="0" branch="False" />
              </lines>
            </method>
            <method name="GetMasterDataItem" signature="(System.String,System.String,System.String,System.String,Microsoft.AspNetCore.Http.IHeaderDictionary,System.String)" line-rate="0" branch-rate="0">
              <lines>
                <line number="255" hits="0" branch="False" />
                <line number="256" hits="0" branch="False" />
                <line number="257" hits="0" branch="False" />
                <line number="258" hits="0" branch="False" />
              </lines>
            </method>
            <method name="GetMasterDataItem" signature="(System.String,System.String,System.TimeSpan,System.String,Microsoft.AspNetCore.Http.IHeaderDictionary,System.String)" line-rate="0" branch-rate="0">
              <lines>
                <line number="353" hits="0" branch="False" />
                <line number="354" hits="0" branch="False" />
                <line number="355" hits="0" branch="False" />
                <line number="356" hits="0" branch="False" />
              </lines>
            </method>
            <method name="GetContainedMasterDataList" signature="(System.String,System.String,System.String,System.String,Microsoft.AspNetCore.Http.IHeaderDictionary,System.String,System.String)" line-rate="0" branch-rate="0">
              <lines>
                <line number="372" hits="0" branch="False" />
                <line number="373" hits="0" branch="False" />
                <line number="374" hits="0" branch="False" />
                <line number="375" hits="0" branch="False" />
              </lines>
            </method>
            <method name="ExtractUrl" signature="(System.String,System.String,System.String)" line-rate="0" branch-rate="0">
              <lines>
                <line number="386" hits="0" branch="False" />
                <line number="387" hits="0" branch="False" />
                <line number="388" hits="0" branch="False" />
                <line number="389" hits="0" branch="False" />
                <line number="390" hits="0" branch="False" />
                <line number="391" hits="0" branch="False" />
              </lines>
            </method>
            <method name="ExtractBaseUrl" signature="(System.String,System.String)" line-rate="0" branch-rate="0">
              <lines>
                <line number="414" hits="0" branch="False" />
                <line number="415" hits="0" branch="False" />
                <line number="416" hits="0" branch="False" />
                <line number="418" hits="0" branch="False" />
                <line number="419" hits="0" branch="False" />
                <line number="420" hits="0" branch="False" />
                <line number="421" hits="0" branch="False" />
                <line number="422" hits="0" branch="False" />
                <line number="425" hits="0" branch="False" />
                <line number="426" hits="0" branch="False" />
                <line number="427" hits="0" branch="False" />
                <line number="428" hits="0" branch="False" />
              </lines>
            </method>
            <method name="ClearCacheIfRequired" signature="(System.String,Microsoft.AspNetCore.Http.IHeaderDictionary)" line-rate="0" branch-rate="0">
              <lines>
                <line number="437" hits="0" branch="False" />
                <line number="438" hits="0" branch="False" />
                <line number="439" hits="0" branch="False" />
                <line number="440" hits="0" branch="False" />
                <line number="441" hits="0" branch="False" />
                <line number="442" hits="0" branch="False" />
              </lines>
            </method>
            <method name="IfCacheNeedsToBeInvalidated" signature="(Microsoft.AspNetCore.Http.IHeaderDictionary)" line-rate="0" branch-rate="0">
              <lines>
                <line number="449" hits="0" branch="False" />
                <line number="450" hits="0" branch="False" />
                <line number="451" hits="0" branch="False" />
                <line number="452" hits="0" branch="False" />
                <line number="453" hits="0" branch="False" />
                <line number="454" hits="0" branch="False" />
              </lines>
            </method>
            <method name="ClearCacheByTag" signature="(System.String)" line-rate="0" branch-rate="0">
              <lines>
                <line number="460" hits="0" branch="False" />
                <line number="461" hits="0" branch="False" />
                <line number="462" hits="0" branch="False" />
                <line number="463" hits="0" branch="False" />
              </lines>
            </method>
            <method name="LogWebRequestExceptionAndSetHealth" signature="(System.Exception)" line-rate="0" branch-rate="0">
              <lines>
                <line number="507" hits="0" branch="False" />
                <line number="508" hits="0" branch="False" />
                <line number="509" hits="0" branch="False" />
                <line number="512" hits="0" branch="False" />
                <line number="513" hits="0" branch="False" />
                <line number="514" hits="0" branch="False" />
                <line number="515" hits="0" branch="False" />
                <line number="516" hits="0" branch="False" />
                <line number="519" hits="0" branch="False" />
                <line number="520" hits="0" branch="False" />
              </lines>
            </method>
            <method name=".cctor" signature="()" line-rate="0" branch-rate="0">
              <lines>
                <line number="28" hits="0" branch="False" />
              </lines>
            </method>
          </methods>
          <lines>
            <line number="36" hits="0" branch="False" />
            <line number="37" hits="0" branch="False" />
            <line number="38" hits="0" branch="False" />
            <line number="39" hits="0" branch="False" />
            <line number="40" hits="0" branch="False" />
            <line number="41" hits="0" branch="False" />
            <line number="42" hits="0" branch="False" />
            <line number="43" hits="0" branch="False" />
            <line number="48" hits="0" branch="False" />
            <line number="49" hits="0" branch="False" />
            <line number="50" hits="0" branch="False" />
            <line number="51" hits="0" branch="False" />
            <line number="52" hits="0" branch="False" />
            <line number="53" hits="0" branch="False" />
            <line number="54" hits="0" branch="False" />
            <line number="113" hits="0" branch="False" />
            <line number="114" hits="0" branch="False" />
            <line number="115" hits="0" branch="False" />
            <line number="116" hits="0" branch="False" />
            <line number="159" hits="0" branch="False" />
            <line number="160" hits="0" branch="False" />
            <line number="161" hits="0" branch="False" />
            <line number="162" hits="0" branch="False" />
            <line number="195" hits="0" branch="False" />
            <line number="196" hits="0" branch="False" />
            <line number="197" hits="0" branch="False" />
            <line number="255" hits="0" branch="False" />
            <line number="256" hits="0" branch="False" />
            <line number="257" hits="0" branch="False" />
            <line number="258" hits="0" branch="False" />
            <line number="353" hits="0" branch="False" />
            <line number="354" hits="0" branch="False" />
            <line number="355" hits="0" branch="False" />
            <line number="356" hits="0" branch="False" />
            <line number="372" hits="0" branch="False" />
            <line number="373" hits="0" branch="False" />
            <line number="374" hits="0" branch="False" />
            <line number="375" hits="0" branch="False" />
            <line number="386" hits="0" branch="False" />
            <line number="387" hits="0" branch="False" />
            <line number="388" hits="0" branch="False" />
            <line number="389" hits="0" branch="False" />
            <line number="390" hits="0" branch="False" />
            <line number="391" hits="0" branch="False" />
            <line number="414" hits="0" branch="False" />
            <line number="415" hits="0" branch="False" />
            <line number="416" hits="0" branch="False" />
            <line number="418" hits="0" branch="False" />
            <line number="419" hits="0" branch="False" />
            <line number="420" hits="0" branch="False" />
            <line number="421" hits="0" branch="False" />
            <line number="422" hits="0" branch="False" />
            <line number="425" hits="0" branch="False" />
            <line number="426" hits="0" branch="False" />
            <line number="427" hits="0" branch="False" />
            <line number="428" hits="0" branch="False" />
            <line number="437" hits="0" branch="False" />
            <line number="438" hits="0" branch="False" />
            <line number="439" hits="0" branch="False" />
            <line number="440" hits="0" branch="False" />
            <line number="441" hits="0" branch="False" />
            <line number="442" hits="0" branch="False" />
            <line number="449" hits="0" branch="False" />
            <line number="450" hits="0" branch="False" />
            <line number="451" hits="0" branch="False" />
            <line number="452" hits="0" branch="False" />
            <line number="453" hits="0" branch="False" />
            <line number="454" hits="0" branch="False" />
            <line number="460" hits="0" branch="False" />
            <line number="461" hits="0" branch="False" />
            <line number="462" hits="0" branch="False" />
            <line number="463" hits="0" branch="False" />
            <line number="507" hits="0" branch="False" />
            <line number="508" hits="0" branch="False" />
            <line number="509" hits="0" branch="False" />
            <line number="512" hits="0" branch="False" />
            <line number="513" hits="0" branch="False" />
            <line number="514" hits="0" branch="False" />
            <line number="515" hits="0" branch="False" />
            <line number="516" hits="0" branch="False" />
            <line number="519" hits="0" branch="False" />
            <line number="520" hits="0" branch="False" />
            <line number="28" hits="0" branch="False" />
          </lines>
        </class>
        <class name="VSS.MasterData.Proxies.BaseProxy/&lt;SendRequestInternal&gt;d__9`1" filename="Common/MasterDataProxies/src/BaseProxy.cs" line-rate="0" branch-rate="0" complexity="0">
          <methods>
            <method name="MoveNext" signature="()" line-rate="0" branch-rate="0">
              <lines>
                <line number="58" hits="0" branch="False" />
                <line number="60" hits="0" branch="False" />
                <line number="61" hits="0" branch="False" />
                <line number="62" hits="0" branch="False" />
                <line number="63" hits="0" branch="False" />
                <line number="65" hits="0" branch="False" />
                <line number="66" hits="0" branch="False" />
                <line number="67" hits="0" branch="False" />
                <line number="68" hits="0" branch="False" />
                <line number="69" hits="0" branch="False" />
                <line number="70" hits="0" branch="False" />
                <line number="71" hits="0" branch="False" />
                <line number="72" hits="0" branch="False" />
                <line number="74" hits="0" branch="False" />
                <line number="75" hits="0" branch="False" />
                <line number="76" hits="0" branch="False" />
                <line number="77" hits="0" branch="False" />
                <line number="78" hits="0" branch="False" />
                <line number="79" hits="0" branch="False" />
                <line number="80" hits="0" branch="False" />
                <line number="81" hits="0" branch="False" />
                <line number="83" hits="0" branch="False" />
                <line number="84" hits="0" branch="False" />
                <line number="85" hits="0" branch="False" />
                <line number="87" hits="0" branch="False" />
                <line number="88" hits="0" branch="False" />
                <line number="89" hits="0" branch="False" />
                <line number="90" hits="0" branch="False" />
                <line number="91" hits="0" branch="False" />
                <line number="92" hits="0" branch="False" />
                <line number="93" hits="0" branch="False" />
                <line number="96" hits="0" branch="False" />
                <line number="97" hits="0" branch="False" />
              </lines>
            </method>
          </methods>
          <lines>
            <line number="58" hits="0" branch="False" />
            <line number="60" hits="0" branch="False" />
            <line number="61" hits="0" branch="False" />
            <line number="62" hits="0" branch="False" />
            <line number="63" hits="0" branch="False" />
            <line number="65" hits="0" branch="False" />
            <line number="66" hits="0" branch="False" />
            <line number="67" hits="0" branch="False" />
            <line number="68" hits="0" branch="False" />
            <line number="69" hits="0" branch="False" />
[...]
            <line number="595" hits="0" branch="False" />
            <line number="596" hits="0" branch="False" />
            <line number="597" hits="0" branch="False" />
            <line number="598" hits="0" branch="False" />
            <line number="599" hits="0" branch="False" />
            <line number="600" hits="0" branch="False" />
            <line number="601" hits="0" branch="False" />
            <line number="602" hits="0" branch="False" />
            <line number="603" hits="0" branch="False" />
            <line number="604" hits="0" branch="False" />
            <line number="605" hits="0" branch="False" />
            <line number="606" hits="0" branch="False" />
            <line number="607" hits="0" branch="False" />
            <line number="608" hits="0" branch="False" />
            <line number="609" hits="0" branch="False" />
            <line number="610" hits="0" branch="False" />
            <line number="611" hits="0" branch="False" />
            <line number="612" hits="0" branch="False" />
            <line number="613" hits="0" branch="False" />
            <line number="614" hits="0" branch="False" />
            <line number="615" hits="0" branch="False" />
            <line number="616" hits="0" branch="False" />
            <line number="617" hits="0" branch="False" />
            <line number="618" hits="0" branch="False" />
            <line number="619" hits="0" branch="False" />
            <line number="620" hits="0" branch="False" />
            <line number="621" hits="0" branch="False" />
            <line number="622" hits="0" branch="False" />
            <line number="623" hits="0" branch="False" />
            <line number="624" hits="0" branch="False" />
            <line number="625" hits="0" branch="False" />
            <line number="626" hits="0" branch="False" />
            <line number="627" hits="0" branch="False" />
            <line number="628" hits="0" branch="False" />
            <line number="629" hits="0" branch="False" />
            <line number="630" hits="0" branch="False" />
            <line number="631" hits="0" branch="False" />
            <line number="632" hits="0" branch="False" />
            <line number="633" hits="0" branch="False" />
            <line number="634" hits="0" branch="False" />
            <line number="635" hits="0" branch="False" />
            <line number="636" hits="0" branch="False" />
            <line number="637" hits="0" branch="False" />
            <line number="638" hits="0" branch="False" />
            <line number="639" hits="0" branch="False" />
            <line number="640" hits="0" branch="False" />
            <line number="641" hits="0" branch="False" />
            <line number="642" hits="0" branch="False" />
            <line number="643" hits="0" branch="False" />
            <line number="644" hits="0" branch="False" />
            <line number="645" hits="0" branch="False" />
            <line number="646" hits="0" branch="False" />
            <line number="647" hits="0" branch="False" />
            <line number="648" hits="0" branch="False" />
            <line number="649" hits="0" branch="False" />
            <line number="650" hits="0" branch="False" />
            <line number="651" hits="0" branch="False" />
            <line number="652" hits="0" branch="False" />
            <line number="653" hits="0" branch="False" />
            <line number="654" hits="0" branch="False" />
            <line number="655" hits="0" branch="False" />
            <line number="656" hits="0" branch="False" />
            <line number="657" hits="0" branch="False" />
            <line number="658" hits="0" branch="False" />
            <line number="659" hits="0" branch="False" />
            <line number="660" hits="0" branch="False" />
            <line number="661" hits="0" branch="False" />
            <line number="662" hits="0" branch="False" />
            <line number="663" hits="0" branch="False" />
            <line number="664" hits="0" branch="False" />
            <line number="665" hits="0" branch="False" />
            <line number="666" hits="0" branch="False" />
            <line number="667" hits="0" branch="False" />
            <line number="668" hits="0" branch="False" />
            <line number="669" hits="0" branch="False" />
            <line number="670" hits="0" branch="False" />
            <line number="671" hits="0" branch="False" />
            <line number="672" hits="0" branch="False" />
            <line number="673" hits="0" branch="False" />
            <line number="674" hits="0" branch="False" />
            <line number="675" hits="0" branch="False" />
            <line number="676" hits="0" branch="False" />
            <line number="677" hits="0" branch="False" />
            <line number="678" hits="0" branch="False" />
            <line number="679" hits="0" branch="False" />
            <line number="680" hits="0" branch="False" />
            <line number="681" hits="0" branch="False" />
            <line number="682" hits="0" branch="False" />
            <line number="683" hits="0" branch="False" />
            <line number="684" hits="0" branch="False" />
            <line number="685" hits="0" branch="False" />
            <line number="686" hits="0" branch="False" />
            <line number="687" hits="0" branch="False" />
            <line number="688" hits="0" branch="False" />
            <line number="689" hits="0" branch="False" />
            <line number="690" hits="0" branch="False" />
            <line number="691" hits="0" branch="False" />
            <line number="692" hits="0" branch="False" />
            <line number="693" hits="0" branch="False" />
            <line number="694" hits="0" branch="False" />
            <line number="695" hits="0" branch="False" />
            <line number="696" hits="0" branch="False" />
            <line number="697" hits="0" branch="False" />
            <line number="698" hits="0" branch="False" />
            <line number="699" hits="0" branch="False" />
            <line number="700" hits="0" branch="False" />
            <line number="701" hits="0" branch="False" />
            <line number="702" hits="0" branch="False" />
            <line number="703" hits="0" branch="False" />
            <line number="704" hits="0" branch="False" />
            <line number="705" hits="0" branch="False" />
            <line number="706" hits="0" branch="False" />
            <line number="707" hits="0" branch="False" />
            <line number="708" hits="0" branch="False" />
            <line number="709" hits="0" branch="False" />
            <line number="710" hits="0" branch="False" />
            <line number="711" hits="0" branch="False" />
            <line number="712" hits="0" branch="False" />
            <line number="713" hits="0" branch="False" />
            <line number="714" hits="0" branch="False" />
            <line number="715" hits="0" branch="False" />
            <line number="716" hits="0" branch="False" />
            <line number="717" hits="0" branch="False" />
            <line number="718" hits="0" branch="False" />
            <line number="719" hits="0" branch="False" />
            <line number="720" hits="0" branch="False" />
            <line number="721" hits="0" branch="False" />
            <line number="722" hits="0" branch="False" />
            <line number="723" hits="0" branch="False" />
            <line number="724" hits="0" branch="False" />
            <line number="725" hits="0" branch="False" />
            <line number="726" hits="0" branch="False" />
            <line number="727" hits="0" branch="False" />
            <line number="728" hits="0" branch="False" />
            <line number="729" hits="0" branch="False" />
            <line number="730" hits="0" branch="False" />
            <line number="731" hits="0" branch="False" />
            <line number="732" hits="0" branch="False" />
            <line number="733" hits="0" branch="False" />
            <line number="734" hits="0" branch="False" />
            <line number="735" hits="0" branch="False" />
            <line number="736" hits="0" branch="False" />
            <line number="737" hits="0" branch="False" />
            <line number="738" hits="0" branch="False" />
            <line number="739" hits="0" branch="False" />
            <line number="740" hits="0" branch="False" />
            <line number="741" hits="0" branch="False" />
            <line number="742" hits="0" branch="False" />
            <line number="743" hits="0" branch="False" />
            <line number="744" hits="0" branch="False" />
            <line number="745" hits="0" branch="False" />
            <line number="746" hits="0" branch="False" />
            <line number="747" hits="0" branch="False" />
            <line number="748" hits="0" branch="False" />
            <line number="749" hits="0" branch="False" />
            <line number="750" hits="0" branch="False" />
            <line number="751" hits="0" branch="False" />
            <line number="752" hits="0" branch="False" />
            <line number="753" hits="0" branch="False" />
            <line number="754" hits="0" branch="False" />
            <line number="755" hits="0" branch="False" />
            <line number="756" hits="0" branch="False" />
            <line number="757" hits="0" branch="False" />
            <line number="758" hits="0" branch="False" />
            <line number="759" hits="0" branch="False" />
            <line number="760" hits="0" branch="False" />
            <line number="761" hits="0" branch="False" />
            <line number="762" hits="0" branch="False" />
            <line number="763" hits="0" branch="False" />
            <line number="764" hits="0" branch="False" />
            <line number="765" hits="0" branch="False" />
            <line number="766" hits="0" branch="False" />
            <line number="767" hits="0" branch="False" />
            <line number="768" hits="0" branch="False" />
            <line number="769" hits="0" branch="False" />
            <line number="770" hits="0" branch="False" />
            <line number="771" hits="0" branch="False" />
            <line number="772" hits="0" branch="False" />
            <line number="773" hits="0" branch="False" />
            <line number="774" hits="0" branch="False" />
            <line number="775" hits="0" branch="False" />
            <line number="776" hits="0" branch="False" />
            <line number="777" hits="0" branch="False" />
            <line number="778" hits="0" branch="False" />
            <line number="779" hits="0" branch="False" />
            <line number="780" hits="0" branch="False" />
            <line number="781" hits="0" branch="False" />
            <line number="782" hits="0" branch="False" />
            <line number="783" hits="0" branch="False" />
            <line number="784" hits="0" branch="False" />
            <line number="785" hits="0" branch="False" />
            <line number="786" hits="0" branch="False" />
            <line number="787" hits="0" branch="False" />
            <line number="788" hits="0" branch="False" />
          </lines>
        </class>
        <class name="VSS.MasterData.Repositories.ExtendedModels.PreferencesTimeZones/PreferencesTimeZone" filename="Common/MasterDataRepositories/src/ExtendedModels/PreferencesTimeZones.cs" line-rate="0" branch-rate="0" complexity="0">
          <methods>
            <method name="get_displayName" signature="()" line-rate="0" branch-rate="0">
              <lines>
                <line number="795" hits="0" branch="False" />
              </lines>
            </method>
            <method name="get_APIValue" signature="()" line-rate="0" branch-rate="0">
              <lines>
                <line number="796" hits="0" branch="False" />
              </lines>
            </method>
            <method name="get_localeValue" signature="()" line-rate="0" branch-rate="0">
              <lines>
                <line number="797" hits="0" branch="False" />
              </lines>
            </method>
            <method name="get_token" signature="()" line-rate="0" branch-rate="0">
              <lines>
                <line number="798" hits="0" branch="False" />
              </lines>
            </method>
            <method name="get_momentTimezone" signature="()" line-rate="0" branch-rate="0">
              <lines>
                <line number="799" hits="0" branch="False" />
              </lines>
            </method>
          </methods>
          <lines>
            <line number="795" hits="0" branch="False" />
            <line number="796" hits="0" branch="False" />
            <line number="797" hits="0" branch="False" />
            <line number="798" hits="0" branch="False" />
            <line number="799" hits="0" branch="False" />
          </lines>
        </class>
        <class name="VSS.MasterData.Repositories.ExtendedModels.UndeleteImportedFileEvent" filename="Common/MasterDataRepositories/src/ExtendedModels/UndeleteImportedFileEvent.cs" line-rate="0" branch-rate="0" complexity="0">
          <methods>
            <method name="get_ImportedFileUID" signature="()" line-rate="0" branch-rate="0">
              <lines>
                <line number="8" hits="0" branch="False" />
              </lines>
            </method>
            <method name="get_ProjectUID" signature="()" line-rate="0" branch-rate="0">
              <lines>
                <line number="10" hits="0" branch="False" />
              </lines>
            </method>
            <method name="get_ActionUTC" signature="()" line-rate="0" branch-rate="0">
              <lines>
                <line number="12" hits="0" branch="False" />
              </lines>
            </method>
          </methods>
          <lines>
            <line number="8" hits="0" branch="False" />
            <line number="10" hits="0" branch="False" />
            <line number="12" hits="0" branch="False" />
          </lines>
        </class>
        <class name="VSS.MasterData.Repositories.DBModels.Filter" filename="Common/MasterDataRepositories/src/DBModels/Filter.cs" line-rate="0" branch-rate="0" complexity="0">
          <methods>
            <method name="get_FilterUid" signature="()" line-rate="0" branch-rate="0">
              <lines>
                <line number="8" hits="0" branch="False" />
              </lines>
            </method>
            <method name="get_CustomerUid" signature="()" line-rate="0" branch-rate="0">
              <lines>
                <line number="9" hits="0" branch="False" />
              </lines>
            </method>
            <method name="get_ProjectUid" signature="()" line-rate="0" branch-rate="0">
              <lines>
                <line number="10" hits="0" branch="False" />
              </lines>
            </method>
            <method name="get_UserId" signature="()" line-rate="0" branch-rate="0">
              <lines>
                <line number="13" hits="0" branch="False" />
              </lines>
            </method>
            <method name="get_Name" signature="()" line-rate="0" branch-rate="0">
              <lines>
                <line number="14" hits="0" branch="False" />
              </lines>
            </method>
            <method name="get_FilterJson" signature="()" line-rate="0" branch-rate="0">
              <lines>
                <line number="15" hits="0" branch="False" />
              </lines>
            </method>
            <method name="get_FilterType" signature="()" line-rate="0" branch-rate="0">
              <lines>
                <line number="16" hits="0" branch="False" />
              </lines>
            </method>
            <method name="get_IsDeleted" signature="()" line-rate="0" branch-rate="0">
              <lines>
                <line number="17" hits="0" branch="False" />
              </lines>
            </method>
            <method name="get_LastActionedUtc" signature="()" line-rate="0" branch-rate="0">
              <lines>
                <line number="18" hits="0" branch="False" />
              </lines>
            </method>
            <method name="Equals" signature="(System.Object)" line-rate="0" branch-rate="0">
              <lines>
                <line number="21" hits="0" branch="False" />
                <line number="22" hits="0" branch="False" />
                <line number="23" hits="0" branch="False" />
                <line number="24" hits="0" branch="False" />
                <line number="25" hits="0" branch="False" />
                <line number="26" hits="0" branch="False" />
                <line number="27" hits="0" branch="False" />
                <line number="28" hits="0" branch="False" />
                <line number="29" hits="0" branch="False" />
                <line number="30" hits="0" branch="False" />
                <line number="31" hits="0" branch="False" />
                <line number="32" hits="0" branch="False" />
                <line number="33" hits="0" branch="False" />
                <line number="34" hits="0" branch="False" />
              </lines>
            </method>
            <method name="GetHashCode" signature="()" line-rate="0" branch-rate="0">
              <lines>
                <line number="37" hits="0" branch="False" />
                <line number="38" hits="0" branch="False" />
                <line number="39" hits="0" branch="False" />
              </lines>
            </method>
            <method name="ToString" signature="()" line-rate="0" branch-rate="0">
              <lines>
                <line number="42" hits="0" branch="False" />
                <line number="43" hits="0" branch="False" />
                <line number="44" hits="0" branch="False" />
                <line number="45" hits="0" branch="False" />
                <line number="46" hits="0" branch="False" />
              </lines>
            </method>
          </methods>
          <lines>
            <line number="8" hits="0" branch="False" />
            <line number="9" hits="0" branch="False" />
            <line number="10" hits="0" branch="False" />
            <line number="13" hits="0" branch="False" />
            <line number="14" hits="0" branch="False" />
            <line number="15" hits="0" branch="False" />
            <line number="16" hits="0" branch="False" />
            <line number="17" hits="0" branch="False" />
            <line number="18" hits="0" branch="False" />
            <line number="21" hits="0" branch="False" />
            <line number="22" hits="0" branch="False" />
            <line number="23" hits="0" branch="False" />
            <line number="24" hits="0" branch="False" />
            <line number="25" hits="0" branch="False" />
            <line number="26" hits="0" branch="False" />
            <line number="27" hits="0" branch="False" />
            <line number="28" hits="0" branch="False" />
            <line number="29" hits="0" branch="False" />
            <line number="30" hits="0" branch="False" />
            <line number="31" hits="0" branch="False" />
            <line number="32" hits="0" branch="False" />
            <line number="33" hits="0" branch="False" />
            <line number="34" hits="0" branch="False" />
            <line number="37" hits="0" branch="False" />
            <line number="38" hits="0" branch="False" />
            <line number="39" hits="0" branch="False" />
            <line number="42" hits="0" branch="False" />
            <line number="43" hits="0" branch="False" />
            <line number="44" hits="0" branch="False" />
            <line number="45" hits="0" branch="False" />
            <line number="46" hits="0" branch="False" />
          </lines>
        </class>
      </classes>
    </package>
  </packages>
</coverage>